
Recovery Manager: Release 19.0.0.0.0 - Production on Wed Mar 27 06:03:00 2024
Version 19.19.0.0.0

Copyright (c) 1982, 2019, Oracle and/or its affiliates.  All rights reserved.

RMAN> #Run:
2> #/oracle/HRP/19/bin/rman cmdfile 'restore_spf.rcv'|tee restore_sf.log
3> set DBID=2256538394
4> #
5> connect target/
6> #
7> startup nomount pfile=$ORACLE_HOME/dbs/initHRP.ora.bak;
8> #
9> run {
10> ALLOCATE CHANNEL CH00 TYPE 'SBT_TAPE';
11> SEND 'NB_ORA_SERV=filnbmst6.pi.pvt, NB_ORA_CLIENT=pepldr04029.pi.pvt';
12> #restore spfile from autobackup;
13> restore spfile from 'c-2256538394-20240326-07';
14> RELEASE CHANNEL CH00;
15> }
16> shutdown abort;
executing command: SET DBID

connected to target database (not started)

Oracle instance started

Total System Global Area   37849396448 bytes

Fixed Size                     8934624 bytes
Variable Size              18924699648 bytes
Database Buffers           18790481920 bytes
Redo Buffers                 125280256 bytes

using target database control file instead of recovery catalog
allocated channel: CH00
channel CH00: SID=492 device type=SBT_TAPE
channel CH00: Veritas NetBackup for Oracle - Release 8.3.0.2 (2021071918)

sent command to channel: CH00

Starting restore at 27-MAR-24

channel CH00: restoring spfile from AUTOBACKUP c-2256538394-20240326-07
channel CH00: SPFILE restore from AUTOBACKUP complete
Finished restore at 27-MAR-24

released channel: CH00

Oracle instance shut down

Recovery Manager complete.
